<?xml version="1.0" encoding="UTF-8"?>
<testng-results ignored="0" total="1" passed="1" failed="0" skipped="0">
  <reporter-output>
  </reporter-output>
  <suite started-at="2026-03-18T11:15:45 IST" name="Surefire suite" finished-at="2026-03-18T11:15:51 IST" duration-ms="5712">
    <groups>
    </groups>
    <test started-at="2026-03-18T11:15:45 IST" name="Surefire test" finished-at="2026-03-18T11:15:51 IST" duration-ms="5712">
      <class name="org.test.WebPageTest">
        <test-method is-config="true" signature="openBrowser()[pri:0, instance:org.test.WebPageTest@778d1062]" started-at="2026-03-18T11:15:45 IST" name="openBrowser" finished-at="2026-03-18T11:15:49 IST" duration-ms="3486" status="PASS">
          <reporter-output>
          </reporter-output>
        </test-method> <!-- openBrowser -->
        <test-method signature="titleValidationTest()[pri:0, instance:org.test.WebPageTest@778d1062]" started-at="2026-03-18T11:15:49 IST" name="titleValidationTest" finished-at="2026-03-18T11:15:49 IST" duration-ms="9" status="PASS">
          <reporter-output>
          </reporter-output>
        </test-method> <!-- titleValidationTest -->
        <test-method is-config="true" signature="closeBrowser()[pri:0, instance:org.test.WebPageTest@778d1062]" started-at="2026-03-18T11:15:49 IST" name="closeBrowser" finished-at="2026-03-18T11:15:51 IST" duration-ms="2190" status="PASS">
          <reporter-output>
          </reporter-output>
        </test-method> <!-- closeBrowser -->
      </class> <!-- org.test.WebPageTest -->
    </test> <!-- Surefire test -->
  </suite> <!-- Surefire suite -->
</testng-results>
